{
  "RSpec": {
    "coverage": {
      "/Users/jbigorra/Projects/the-interview/app/helpers/application_helper.rb": {
        "lines": [
          1,
          1,
          7,
          7,
          null,
          null
        ]
      },
      "/Users/jbigorra/Projects/the-interview/app/jobs/discovery_job.rb": {
        "lines": [
          null,
          null,
          null,
          null,
          null,
          null,
          null,
          1,
          1,
          null,
          1,
          0,
          null,
          null,
          1,
          null,
          null,
          null,
          1,
          16,
          null,
          14,
          14,
          null,
          12,
          12,
          null,
          11,
          11,
          null,
          11,
          12,
          null,
          12,
          3,
          3,
          null,
          null,
          9,
          9,
          null,
          9,
          null,
          null,
          null,
          null,
          null,
          null,
          null,
          null,
          null,
          null,
          null,
          9,
          9,
          null,
          null,
          11,
          null,
          null
        ]
      },
      "/Users/jbigorra/Projects/the-interview/app/jobs/application_job.rb": {
        "lines": [
          null,
          null,
          1,
          null,
          null,
          null,
          null,
          null,
          null
        ]
      },
      "/Users/jbigorra/Projects/the-interview/app/jobs/full_discovery_job.rb": {
        "lines": [
          null,
          null,
          null,
          null,
          null,
          null,
          null,
          1,
          1,
          null,
          null,
          null,
          null,
          1,
          6,
          null,
          6,
          1,
          1,
          null,
          null,
          5,
          null,
          5,
          1,
          1,
          null,
          null,
          9,
          null,
          4,
          null,
          null
        ]
      },
      "/Users/jbigorra/Projects/the-interview/app/jobs/stage1_matching_job.rb": {
        "lines": [
          null,
          null,
          null,
          null,
          null,
          null,
          null,
          null,
          null,
          null,
          null,
          null,
          null,
          null,
          1,
          1,
          null,
          1,
          null,
          null,
          null,
          1,
          24,
          2,
          2,
          null,
          null,
          22,
          null,
          22,
          null,
          22,
          14,
          14,
          14,
          null,
          null,
          8,
          null,
          8,
          1,
          1,
          null,
          null,
          7,
          3,
          3,
          3,
          null,
          4,
          4,
          null,
          null,
          null,
          1,
          null,
          null,
          null,
          null,
          null,
          null,
          null,
          null,
          null,
          null,
          null,
          null,
          1,
          22,
          21,
          null,
          20,
          18,
          null,
          6,
          6,
          6,
          6,
          6,
          6,
          6,
          null,
          6,
          null,
          2,
          null,
          null
        ]
      },
      "/Users/jbigorra/Projects/the-interview/app/jobs/stage2_matching_job.rb": {
        "lines": [
          null,
          null,
          null,
          null,
          null,
          null,
          null,
          null,
          null,
          null,
          null,
          1,
          1,
          null,
          null,
          1,
          0,
          null,
          null,
          1,
          null,
          1,
          0,
          0,
          0,
          null,
          null,
          null,
          null,
          1,
          20,
          2,
          2,
          null,
          null,
          18,
          null,
          18,
          2,
          2,
          2,
          null,
          null,
          16,
          null,
          15,
          3,
          3,
          3,
          null,
          null,
          12,
          12,
          null,
          null,
          null,
          null,
          null,
          null,
          12,
          null,
          null,
          1,
          null,
          1,
          12,
          null,
          12,
          5,
          5,
          7,
          4,
          4,
          null,
          3,
          3,
          null,
          null,
          null
        ]
      },
      "/Users/jbigorra/Projects/the-interview/app/models/application.rb": {
        "lines": [
          null,
          null,
          1,
          1,
          null,
          1,
          null,
          1,
          1,
          null,
          1,
          2,
          null,
          null
        ]
      },
      "/Users/jbigorra/Projects/the-interview/app/models/application_record.rb": {
        "lines": [
          null,
          null,
          1,
          1,
          null
        ]
      },
      "/Users/jbigorra/Projects/the-interview/app/models/lead_event.rb": {
        "lines": [
          null,
          null,
          1,
          1,
          null,
          1,
          1,
          null,
          58,
          null
        ]
      },
      "/Users/jbigorra/Projects/the-interview/app/models/lead.rb": {
        "lines": [
          null,
          null,
          1,
          1,
          1,
          1,
          1,
          null,
          null,
          1,
          null,
          null,
          null,
          null,
          null,
          null,
          null,
          null,
          null,
          1,
          null,
          null,
          null,
          null,
          null,
          1,
          1,
          null,
          2,
          null,
          1,
          null,
          null,
          null,
          null,
          1,
          12,
          12,
          10,
          10,
          10,
          null,
          null,
          1,
          null,
          1,
          222,
          null,
          null
        ]
      },
      "/Users/jbigorra/Projects/the-interview/app/models/matching_criterion.rb": {
        "lines": [
          null,
          null,
          1,
          1,
          null,
          1,
          1,
          null
        ]
      },
      "/Users/jbigorra/Projects/the-interview/app/models/note.rb": {
        "lines": [
          null,
          null,
          1,
          1,
          null,
          1,
          1,
          null,
          78,
          null
        ]
      },
      "/Users/jbigorra/Projects/the-interview/app/models/profile.rb": {
        "lines": [
          null,
          null,
          1,
          1,
          1,
          1,
          null,
          1,
          1,
          null,
          1,
          null
        ]
      },
      "/Users/jbigorra/Projects/the-interview/app/models/search_query.rb": {
        "lines": [
          null,
          null,
          1,
          1,
          null,
          1,
          1,
          null,
          4,
          null,
          null,
          1,
          33,
          null,
          null,
          null,
          1,
          3,
          3,
          3,
          3,
          null,
          null
        ]
      },
      "/Users/jbigorra/Projects/the-interview/app/services/apply/ashby_adapter.rb": {
        "lines": [
          null,
          null,
          null,
          1,
          null,
          null,
          null,
          null,
          null,
          1,
          null,
          1,
          null,
          null,
          null,
          null,
          null,
          null,
          null,
          null,
          1,
          null,
          null,
          null,
          null,
          null,
          null,
          null,
          null,
          null,
          null,
          null,
          1,
          11,
          66,
          66,
          null,
          null,
          11,
          null,
          null,
          null,
          null,
          null,
          null,
          null,
          1,
          null,
          9,
          null,
          null,
          null,
          null,
          null,
          null,
          9,
          null,
          null,
          null,
          null,
          null,
          1,
          24,
          null,
          null,
          null
        ]
      },
      "/Users/jbigorra/Projects/the-interview/app/services/apply/base_adapter.rb": {
        "lines": [
          null,
          null,
          null,
          1,
          null,
          null,
          null,
          null,
          null,
          null,
          1,
          1,
          null,
          null,
          null,
          1,
          83,
          83,
          null,
          null,
          null,
          null,
          null,
          null,
          1,
          0,
          null,
          null,
          null,
          null,
          null,
          null,
          1,
          0,
          null,
          null,
          null,
          null,
          null,
          null,
          1,
          0,
          null,
          null,
          1,
          null,
          1,
          null,
          null,
          null,
          null,
          null,
          1,
          null,
          246,
          null,
          null,
          null,
          null,
          null,
          null,
          null,
          null,
          null,
          null,
          null,
          1,
          38,
          null,
          null,
          null
        ]
      },
      "/Users/jbigorra/Projects/the-interview/app/services/apply/greenhouse_adapter.rb": {
        "lines": [
          null,
          null,
          null,
          1,
          null,
          null,
          null,
          null,
          null,
          null,
          1,
          null,
          1,
          null,
          null,
          null,
          null,
          null,
          null,
          null,
          null,
          null,
          null,
          1,
          22,
          132,
          null,
          null,
          22,
          null,
          null,
          null,
          null,
          null,
          null,
          1,
          null,
          19,
          null,
          null,
          null,
          null,
          null,
          null,
          19,
          null,
          null,
          null,
          null,
          null,
          1,
          55,
          null,
          null,
          null
        ]
      },
      "/Users/jbigorra/Projects/the-interview/app/services/apply/lever_adapter.rb": {
        "lines": [
          null,
          null,
          null,
          1,
          null,
          null,
          null,
          null,
          null,
          null,
          1,
          null,
          1,
          null,
          null,
          null,
          null,
          null,
          null,
          null,
          1,
          null,
          null,
          null,
          null,
          null,
          null,
          null,
          null,
          1,
          10,
          50,
          10,
          null,
          40,
          40,
          null,
          50,
          null,
          null,
          10,
          null,
          null,
          null,
          null,
          null,
          null,
          1,
          null,
          8,
          null,
          null,
          null,
          null,
          null,
          8,
          null,
          null,
          null,
          null,
          null,
          1,
          23,
          null,
          null,
          1,
          null,
          1,
          18,
          null,
          null,
          null
        ]
      },
      "/Users/jbigorra/Projects/the-interview/app/services/apply/orchestrator.rb": {
        "lines": [
          null,
          null,
          null,
          1,
          null,
          null,
          null,
          null,
          null,
          null,
          null,
          1,
          1,
          null,
          null,
          1,
          null,
          null,
          null,
          null,
          null,
          null,
          null,
          null,
          null,
          null,
          null,
          null,
          1,
          29,
          null,
          29,
          9,
          null,
          null,
          null,
          null,
          null,
          20,
          20,
          null,
          0,
          0,
          null,
          null,
          null
        ]
      },
      "/Users/jbigorra/Projects/the-interview/app/services/discovery/ashby_fetcher.rb": {
        "lines": [
          null,
          null,
          null,
          1,
          1,
          null,
          1,
          null,
          null,
          null,
          null,
          null,
          null,
          null,
          1,
          1,
          null,
          null,
          null,
          null,
          null,
          null,
          1,
          14,
          14,
          null,
          14,
          14,
          null,
          14,
          14,
          12,
          null,
          10,
          10,
          2,
          null,
          null,
          8,
          null,
          null,
          null,
          null,
          null,
          null,
          null,
          null,
          null,
          null,
          2,
          null,
          2,
          null,
          null,
          null,
          null,
          null,
          null,
          null,
          null,
          null,
          null,
          null,
          1,
          10,
          null,
          null,
          20,
          null,
          null,
          1,
          null,
          null
        ]
      },
      "/Users/jbigorra/Projects/the-interview/app/services/discovery/ats_detector.rb": {
        "lines": [
          null,
          null,
          null,
          1,
          null,
          null,
          null,
          null,
          1,
          1,
          null,
          1,
          null,
          null,
          null,
          null,
          null,
          null,
          null,
          null,
          null,
          null,
          null,
          null,
          null,
          null,
          null,
          1,
          11,
          10,
          53,
          null,
          10,
          2,
          null,
          null,
          8,
          null,
          1,
          null,
          null,
          null
        ]
      },
      "/Users/jbigorra/Projects/the-interview/app/services/discovery/ats_fetcher.rb": {
        "lines": [
          null,
          null,
          null,
          1,
          null,
          null,
          null,
          null,
          null,
          null,
          null,
          1,
          1,
          null,
          null,
          null,
          null,
          null,
          null,
          null,
          1,
          20,
          3,
          12,
          2,
          null,
          3,
          null,
          null,
          17,
          null,
          1,
          null,
          null,
          null
        ]
      },
      "/Users/jbigorra/Projects/the-interview/app/services/discovery/greenhouse_fetcher.rb": {
        "lines": [
          null,
          null,
          null,
          1,
          1,
          null,
          1,
          null,
          null,
          null,
          null,
          null,
          null,
          1,
          1,
          null,
          null,
          null,
          null,
          null,
          null,
          1,
          12,
          12,
          null,
          12,
          12,
          null,
          12,
          12,
          10,
          null,
          8,
          null,
          null,
          null,
          null,
          null,
          null,
          null,
          null,
          null,
          null,
          2,
          null,
          2,
          null,
          null,
          null,
          null,
          null,
          null,
          1,
          8,
          null,
          null,
          null,
          0,
          null,
          null,
          1,
          null,
          null
        ]
      },
      "/Users/jbigorra/Projects/the-interview/app/services/discovery/lever_fetcher.rb": {
        "lines": [
          null,
          null,
          null,
          1,
          1,
          null,
          1,
          null,
          null,
          null,
          null,
          null,
          null,
          1,
          1,
          null,
          null,
          null,
          null,
          null,
          null,
          1,
          22,
          22,
          null,
          22,
          22,
          null,
          22,
          22,
          10,
          null,
          8,
          null,
          null,
          null,
          null,
          null,
          null,
          null,
          null,
          null,
          null,
          2,
          null,
          12,
          null,
          null,
          null,
          null,
          null,
          null,
          1,
          8,
          null,
          null,
          null,
          null,
          1,
          null,
          null
        ]
      },
      "/Users/jbigorra/Projects/the-interview/app/services/discovery/query_executor.rb": {
        "lines": [
          null,
          null,
          null,
          1,
          null,
          null,
          null,
          null,
          null,
          null,
          1,
          1,
          1,
          null,
          null,
          null,
          null,
          null,
          null,
          null,
          1,
          13,
          13,
          7,
          7,
          null,
          4,
          null,
          2,
          null,
          null,
          null,
          null,
          null,
          null,
          1,
          19,
          19,
          19,
          19,
          19,
          19,
          null,
          null,
          1,
          2,
          null,
          null,
          null,
          null,
          2,
          2,
          null,
          null,
          null
        ]
      },
      "/Users/jbigorra/Projects/the-interview/app/services/discovery/result_parser.rb": {
        "lines": [
          null,
          null,
          null,
          1,
          null,
          null,
          null,
          null,
          null,
          null,
          1,
          null,
          null,
          null,
          null,
          null,
          null,
          1,
          17,
          6,
          null,
          0,
          null,
          null,
          null,
          null,
          null,
          null,
          1,
          24,
          24,
          null,
          22,
          22,
          null,
          null,
          22,
          null,
          null,
          null,
          null,
          null,
          null,
          null,
          null,
          null,
          null,
          null,
          null,
          null,
          null,
          null,
          1,
          25,
          13,
          12,
          8,
          null,
          4,
          null,
          null,
          null,
          null,
          null,
          null,
          null,
          1,
          25,
          13,
          12,
          8,
          null,
          4,
          null,
          null,
          null,
          null,
          null,
          null,
          null,
          null,
          null,
          null,
          1,
          23,
          null,
          null,
          null
        ]
      },
      "/Users/jbigorra/Projects/the-interview/app/services/matching/keyword_evaluator.rb": {
        "lines": [
          null,
          null,
          null,
          1,
          null,
          null,
          null,
          null,
          null,
          null,
          1,
          1,
          1,
          1,
          null,
          null,
          null,
          null,
          null,
          null,
          null,
          null,
          1,
          14,
          null,
          13,
          13,
          13,
          null,
          13,
          28,
          13,
          5,
          5,
          null,
          null,
          8,
          8,
          20,
          7,
          2,
          2,
          null,
          null,
          null,
          6,
          null,
          null,
          null
        ]
      },
      "/Users/jbigorra/Projects/the-interview/app/services/matching/llm_evaluator.rb": {
        "lines": [
          null,
          null,
          null,
          1,
          null,
          null,
          null,
          null,
          null,
          null,
          1,
          1,
          1,
          null,
          1,
          null,
          null,
          null,
          null,
          null,
          null,
          null,
          null,
          null,
          null,
          null,
          null,
          null,
          null,
          null,
          null,
          null,
          null,
          1,
          15,
          15,
          13,
          null,
          11,
          null,
          null,
          null,
          null,
          null,
          null,
          null,
          null,
          null,
          null,
          2,
          null,
          2,
          null,
          0,
          null,
          null,
          null,
          null,
          null,
          null,
          null,
          1,
          22,
          null,
          null,
          null,
          null,
          null,
          null,
          null,
          null,
          null,
          22,
          22,
          null,
          22,
          null,
          null,
          null,
          null,
          null,
          null,
          null,
          null,
          null,
          null,
          null,
          null,
          null,
          1,
          22,
          null,
          1,
          null,
          1,
          null,
          1,
          15,
          15,
          15,
          13,
          null,
          1,
          null,
          1,
          13,
          13,
          13,
          null,
          1,
          null,
          null
        ]
      },
      "/Users/jbigorra/Projects/the-interview/app/controllers/dashboard_controller.rb": {
        "lines": [
          null,
          null,
          1,
          1,
          10,
          null,
          null,
          null,
          10,
          10,
          10,
          null,
          null
        ]
      },
      "/Users/jbigorra/Projects/the-interview/app/controllers/application_controller.rb": {
        "lines": [
          null,
          null,
          1,
          null,
          1,
          null,
          null,
          1,
          null,
          1,
          null
        ]
      },
      "/Users/jbigorra/Projects/the-interview/app/controllers/leads_controller.rb": {
        "lines": [
          null,
          null,
          1,
          1,
          5,
          5,
          null,
          null,
          null,
          null,
          1,
          7,
          7,
          7,
          null,
          null,
          1,
          8,
          null,
          null,
          8,
          6,
          6,
          6,
          10,
          null,
          null,
          2,
          2,
          1,
          null,
          3,
          null,
          null,
          null,
          null,
          1,
          21,
          21,
          null,
          21,
          null,
          21,
          null,
          21,
          16,
          16,
          16,
          null,
          5,
          5,
          null,
          null,
          null,
          21,
          null,
          null,
          null,
          21,
          21,
          21,
          null,
          21,
          21,
          21,
          null,
          null,
          null,
          1,
          6,
          6,
          null,
          6,
          5,
          5,
          5,
          null,
          1,
          null,
          null,
          null,
          1,
          2,
          2,
          2,
          null,
          null
        ]
      },
      "/Users/jbigorra/Projects/the-interview/app/controllers/notes_controller.rb": {
        "lines": [
          null,
          null,
          1,
          1,
          8,
          8,
          8,
          null,
          8,
          6,
          6,
          10,
          null,
          null,
          2,
          null,
          null,
          null,
          1,
          null,
          1,
          8,
          null,
          null
        ]
      },
      "/Users/jbigorra/Projects/the-interview/app/controllers/profiles_controller.rb": {
        "lines": [
          null,
          null,
          1,
          1,
          6,
          6,
          null,
          null,
          1,
          12,
          12,
          null,
          12,
          9,
          null,
          3,
          3,
          null,
          null,
          null,
          1,
          null,
          1,
          12,
          12,
          null,
          11,
          33,
          null,
          25,
          null,
          null,
          null,
          1,
          12,
          null,
          null,
          null,
          null,
          null,
          null,
          null,
          null,
          null
        ]
      },
      "/Users/jbigorra/Projects/the-interview/app/controllers/search_queries_controller.rb": {
        "lines": [
          null,
          null,
          1,
          1,
          1,
          null,
          1,
          1,
          null,
          null,
          1,
          2,
          2,
          1,
          null,
          1,
          null,
          null,
          null,
          1,
          null,
          null,
          1,
          2,
          1,
          null,
          1,
          null,
          null,
          null,
          1,
          1,
          1,
          null,
          null,
          1,
          4,
          2,
          2,
          null,
          null,
          2,
          2,
          null,
          null,
          1,
          null,
          1,
          11,
          null,
          null,
          null,
          null,
          null,
          1,
          8,
          null,
          null,
          1,
          4,
          null,
          null
        ]
      },
      "/Users/jbigorra/Projects/the-interview/app/mailers/application_mailer.rb": {
        "lines": [
          null,
          null,
          0,
          0,
          0,
          0
        ],
        "branches": {}
      },
      "/Users/jbigorra/Projects/the-interview/app/services/discovery/base.rb": {
        "lines": [
          null,
          null,
          null,
          0,
          null,
          null,
          null,
          null,
          0,
          0,
          null,
          null,
          0,
          0,
          0,
          0,
          0
        ],
        "branches": {}
      },
      "/Users/jbigorra/Projects/the-interview/app/services/matching/base.rb": {
        "lines": [
          null,
          null,
          null,
          0,
          null,
          null,
          null,
          null,
          0,
          0,
          null,
          null,
          0,
          0,
          0,
          0,
          0
        ],
        "branches": {}
      }
    },
    "timestamp": 1777491707
  }
}
